Build started 17.10.2016 16:17:07.
     1>Project "C:\Users\diamo\Desktop\lab OOP\lab2 bun\6 lab2\6 lab2\6 lab2.vcxproj" on node 2 (Build target(s)).
     1>ClCompile:
         C:\Program Files (x86)\Microsoft Visual Studio 12.0\VC\bin\CL.exe /c /ZI /nologo /W3 /WX- /Od /Oy- /D WIN32 /D _DEBUG /D _CONSOLE /D _LIB /D _UNICODE /D UNICODE /Gm /EHsc /RTC1 /MDd /GS /fp:precise /Zc:wchar_t /Zc:forScope /Fo"Debug\\" /Fd"Debug\vc120.pdb" /Gd /TP /analyze- /errorReport:prompt "6 lab2.cpp"
         6 lab2.cpp
       Link:
         C:\Program Files (x86)\Microsoft Visual Studio 12.0\VC\bin\link.exe /ERRORREPORT:PROMPT /OUT:"C:\Users\diamo\Desktop\lab OOP\lab2 bun\6 lab2\Debug\6 lab2.exe" /INCREMENTAL /NOLOGO kernel32.lib user32.lib gdi32.lib winspool.lib comdlg32.lib advapi32.lib shell32.lib ole32.lib oleaut32.lib uuid.lib odbc32.lib odbccp32.lib /MANIFEST /MANIFESTUAC:"level='asInvoker' uiAccess='false'" /manifest:embed /DEBUG /PDB:"C:\Users\diamo\Desktop\lab OOP\lab2 bun\6 lab2\Debug\6 lab2.pdb" /SUBSYSTEM:CONSOLE /TLBID:1 /DYNAMICBASE /NXCOMPAT /IMPLIB:"C:\Users\diamo\Desktop\lab OOP\lab2 bun\6 lab2\Debug\6 lab2.lib" /MACHINE:X86 "Debug\6 lab2.obj"
         Debug\stdafx.obj
     1>6 lab2.obj : error LNK2019: unresolved external symbol "void __cdecl read(int,int *)" (?read@@YAXHPAH@Z) referenced in function _main
     1>6 lab2.obj : error LNK2019: unresolved external symbol "void __cdecl read(int,float *)" (?read@@YAXHPAM@Z) referenced in function _main
     1>6 lab2.obj : error LNK2019: unresolved external symbol "void __cdecl read(int,class std::basic_string<char,struct std::char_traits<char>,class std::allocator<char> > *)" (?read@@YAXHPAV?$basic_string@DU?$char_traits@D@std@@V?$allocator@D@2@@std@@@Z) referenced in function _main
     1>6 lab2.obj : error LNK2019: unresolved external symbol "void __cdecl write(int,int *)" (?write@@YAXHPAH@Z) referenced in function _main
     1>6 lab2.obj : error LNK2019: unresolved external symbol "void __cdecl write(int,float *)" (?write@@YAXHPAM@Z) referenced in function _main
     1>6 lab2.obj : error LNK2019: unresolved external symbol "void __cdecl write(int,class std::basic_string<char,struct std::char_traits<char>,class std::allocator<char> > *)" (?write@@YAXHPAV?$basic_string@DU?$char_traits@D@std@@V?$allocator@D@2@@std@@@Z) referenced in function _main
     1>6 lab2.obj : error LNK2019: unresolved external symbol "void __cdecl sortare(int,int *)" (?sortare@@YAXHPAH@Z) referenced in function _main
     1>6 lab2.obj : error LNK2019: unresolved external symbol "void __cdecl sortare(int,float *)" (?sortare@@YAXHPAM@Z) referenced in function _main
     1>6 lab2.obj : error LNK2019: unresolved external symbol "void __cdecl sortare(int,class std::basic_string<char,struct std::char_traits<char>,class std::allocator<char> > *)" (?sortare@@YAXHPAV?$basic_string@DU?$char_traits@D@std@@V?$allocator@D@2@@std@@@Z) referenced in function _main
     1>C:\Users\diamo\Desktop\lab OOP\lab2 bun\6 lab2\Debug\6 lab2.exe : fatal error LNK1120: 9 unresolved externals
     1>Done Building Project "C:\Users\diamo\Desktop\lab OOP\lab2 bun\6 lab2\6 lab2\6 lab2.vcxproj" (Build target(s)) -- FAILED.

Build FAILED.

Time Elapsed 00:00:01.39
